[2016-12-18 06:57:41,400][DEBUG][org.jboss.logging] Logging Provider: org.jboss.logging.Log4jLoggerProvider
[2016-12-18 06:57:43,556][INFO][luminus.http-server] starting HTTP server on port 3000
[2016-12-18 06:57:43,712][INFO][org.xnio] XNIO version 3.4.0.Beta1
[2016-12-18 06:57:44,182][INFO][org.xnio.nio] XNIO NIO Implementation Version 3.4.0.Beta1
[2016-12-18 06:57:44,603][INFO][org.projectodd.wunderboss.web.Web] Registered web context /
[2016-12-18 06:57:44,619][INFO][luminus.repl-server] starting nREPL server on port 7000
[2016-12-18 06:57:44,650][INFO][dropbox.core] #'dropbox.config/env started
[2016-12-18 06:57:44,650][INFO][dropbox.core] #'dropbox.core/http-server started
[2016-12-18 06:57:44,650][INFO][dropbox.core] #'dropbox.core/repl-server started
[2016-12-18 06:57:44,650][INFO][dropbox.env] 
-=[dropbox started successfully using the development profile]=-
[2016-12-18 06:58:04,160][ERROR][compojure.api.exception] 
java.lang.NullPointerException
	at ring.middleware.http_response$wrap_http_response$fn__10688.invoke(http_response.clj:8)
	at ring.swagger.middleware$wrap_swagger_data$fn__13233.invoke(middleware.clj:33)
	at compojure.api.middleware$wrap_options$fn__13513.invoke(middleware.clj:74)
	at ring.middleware.format_params$wrap_format_params$fn__9829.invoke(format_params.clj:119)
	at ring.middleware.format_params$wrap_format_params$fn__9829.invoke(format_params.clj:119)
	at ring.middleware.format_params$wrap_format_params$fn__9829.invoke(format_params.clj:119)
	at ring.middleware.format_params$wrap_format_params$fn__9829.invoke(format_params.clj:119)
	at ring.middleware.format_params$wrap_format_params$fn__9829.invoke(format_params.clj:119)
	at compojure.api.middleware$wrap_exceptions$fn__13503.invoke(middleware.clj:43)
	at ring.middleware.format_response$wrap_format_response$fn__10592.invoke(format_response.clj:183)
	at ring.middleware.keyword_params$wrap_keyword_params$fn__10726.invoke(keyword_params.clj:35)
	at ring.middleware.nested_params$wrap_nested_params$fn__10778.invoke(nested_params.clj:84)
	at ring.middleware.params$wrap_params$fn__10868.invoke(params.clj:64)
	at compojure.api.middleware$wrap_options$fn__13513.invoke(middleware.clj:74)
	at compojure.api.routes.Route.invoke(routes.clj:58)
	at clojure.lang.Var.invoke(Var.java:379)
	at compojure.core$wrap_routes$fn__2134.invoke(core.clj:277)
	at compojure.core$routing$fn__2046.invoke(core.clj:151)
	at clojure.core$some.invokeStatic(core.clj:2592)
	at clojure.core$some.invoke(core.clj:2583)
	at compojure.core$routing.invokeStatic(core.clj:151)
	at compojure.core$routing.doInvoke(core.clj:148)
	at clojure.lang.RestFn.applyTo(RestFn.java:139)
	at clojure.core$apply.invokeStatic(core.clj:648)
	at clojure.core$apply.invoke(core.clj:641)
	at compojure.core$routes$fn__2050.invoke(core.clj:156)
	at clojure.lang.Var.invoke(Var.java:379)
	at ring.middleware.reload$wrap_reload$fn__17038.invoke(reload.clj:22)
	at selmer.middleware$wrap_error_page$fn__17057.invoke(middleware.clj:9)
	at prone.middleware$wrap_exceptions$fn__17254.invoke(middleware.clj:119)
	at dropbox.middleware$wrap_identity$fn__19353.invoke(middleware.clj:73)
	at buddy.auth.middleware$wrap_authentication$fn__19298.invoke(middleware.clj:38)
	at buddy.auth.middleware$wrap_authorization$fn__19312.invoke(middleware.clj:72)
	at ring.middleware.format_params$wrap_format_params$fn__9829.invoke(format_params.clj:119)
	at ring.middleware.format_params$wrap_format_params$fn__9829.invoke(format_params.clj:119)
	at ring.middleware.format_params$wrap_format_params$fn__9829.invoke(format_params.clj:119)
	at ring.middleware.format_response$wrap_format_response$fn__10592.invoke(format_response.clj:183)
	at dropbox.middleware$wrap_formats$fn__19348.invoke(middleware.clj:59)
	at ring.middleware.webjars$wrap_webjars$fn__18520.invoke(webjars.clj:33)
	at ring.middleware.flash$wrap_flash$fn__17291.invoke(flash.clj:35)
	at immutant.web.internal.undertow$wrap_undertow_session$fn__19385.invoke(undertow.clj:72)
	at ring.middleware.keyword_params$wrap_keyword_params$fn__10726.invoke(keyword_params.clj:35)
	at ring.middleware.nested_params$wrap_nested_params$fn__10778.invoke(nested_params.clj:84)
	at ring.middleware.multipart_params$wrap_multipart_params$fn__16412.invoke(multipart_params.clj:117)
	at ring.middleware.params$wrap_params$fn__10868.invoke(params.clj:64)
	at ring.middleware.cookies$wrap_cookies$fn__18682.invoke(cookies.clj:161)
	at ring.middleware.absolute_redirects$wrap_absolute_redirects$fn__18901.invoke(absolute_redirects.clj:38)
	at ring.middleware.resource$wrap_resource$fn__18829.invoke(resource.clj:28)
	at ring.middleware.content_type$wrap_content_type$fn__15026.invoke(content_type.clj:30)
	at ring.middleware.default_charset$wrap_default_charset$fn__18876.invoke(default_charset.clj:26)
	at ring.middleware.not_modified$wrap_not_modified$fn__15055.invoke(not_modified.clj:52)
	at ring.middleware.x_headers$wrap_xss_protection$fn__18560.invoke(x_headers.clj:71)
	at ring.middleware.x_headers$wrap_frame_options$fn__18548.invoke(x_headers.clj:38)
	at ring.middleware.x_headers$wrap_content_type_options$fn__18554.invoke(x_headers.clj:53)
	at dropbox.middleware$wrap_context$fn__19337.invoke(middleware.clj:32)
	at dropbox.middleware$wrap_internal_error$fn__19343.invoke(middleware.clj:37)
	at immutant.web.internal.undertow$create_http_handler$reify__19496.handleRequest(undertow.clj:236)
	at org.projectodd.wunderboss.web.undertow.async.websocket.UndertowWebsocket$2.handleRequest(UndertowWebsocket.java:104)
	at io.undertow.server.session.SessionAttachmentHandler.handleRequest(SessionAttachmentHandler.java:68)
	at io.undertow.server.Connectors.executeRootHandler(Connectors.java:199)
	at io.undertow.server.HttpServerExchange$1.run(HttpServerExchange.java:778)
	at java.util.concurrent.ThreadPoolExecutor.runWorker(ThreadPoolExecutor.java:1142)
	at java.util.concurrent.ThreadPoolExecutor$Worker.run(ThreadPoolExecutor.java:617)
	at java.lang.Thread.run(Thread.java:745)
